1 0.994054 0
2 0.998047 0.00282343
3 0.996568 0.00223604
4 0.999249 0.00286386
5 0.99973 0.00233112
6 1.00074 0.00214998
7 0.998055 0.00309406
8 0.996738 0.00297434
9 0.997269 0.00269086
10 0.998962 0.00290579
11 0.99898 0.00264168
12 0.999812 0.00254918
13 1.00061 0.00247573
14 1.0006 0.00229893
15 1.0007 0.00214802
16 1.00149 0.0021522
17 1.00107 0.00206609
18 1.00034 0.00207653
19 1.00028 0.00196799
20 0.999395 0.00205968
21 0.999098 0.00198294
22 0.99915 0.0018935
23 0.998842 0.00183617
24 0.998707 0.00176461
25 0.997587 0.00201811
26 0.997299 0.00196092
27 0.997023 0.00190771
28 0.997563 0.00191451
29 0.997745 0.00185719
30 0.997564 0.00180413
31 0.99708 0.00180969
32 0.997192 0.00175662
33 0.997123 0.00170477
34 0.997932 0.00183656
35 0.998232 0.00180839
36 0.998543 0.00178482
37 0.9985 0.00173712
38 0.99868 0.00170079
39 0.998811 0.00166217
40 0.999028 0.00163478
41 0.998784 0.00161305
42 0.998923 0.00158062
43 0.998511 0.00159659
44 0.998423 0.00156271
45 0.998059 0.00156994
46 0.998168 0.00153959
47 0.998521 0.00154682
48 0.99848 0.00151515
49 0.998362 0.00148877
50 0.99828 0.00146125
51 0.998009 0.00145759
52 0.998404 0.00148214
53 0.998836 0.00151588
54 0.999122 0.00151446
55 0.999169 0.00148768
56 0.998865 0.00149188
57 0.99826 0.00158367
58 0.998151 0.00156012
59 0.99828 0.00153897
60 0.998568 0.00154009
61 0.998526 0.0015154
62 0.998478 0.00149173
63 0.998479 0.00146805
64 0.998388 0.00144793
65 0.998438 0.00142652
66 0.998393 0.00140563
67 0.998619 0.0014027
68 0.998627 0.00138209
69 0.998819 0.00137538
70 0.998803 0.00135582
71 0.998651 0.0013452
72 0.999005 0.00137222
73 0.998906 0.001357
74 0.998906 0.00133866
75 0.999009 0.00132473
76 0.999439 0.00137522
77 0.99922 0.00137461
78 0.999062 0.00136608
79 0.998975 0.00135151
80 0.999058 0.00133716
81 0.998967 0.00132379
82 0.998951 0.00130773
83 0.998996 0.00129275
84 0.99918 0.00129039
85 0.999008 0.00128668
86 0.998999 0.00127175
87 0.998861 0.00126453
88 0.998763 0.001254
89 0.998744 0.00124005
90 0.998904 0.00123657
91 0.999019 0.00122824
92 0.999031 0.00121495
93 0.999202 0.0012138
94 0.999228 0.00120116
95 0.99923 0.00118852
96 0.999442 0.00119504
97 0.999538 0.00118654
98 0.999702 0.00118564
99 0.999643 0.00117512
100 0.999616 0.00116367
