1 6.96166 8.42937e-08
2 7.02044 0.0415666
3 6.54497 0.389209
4 7.32457 0.735558
5 7.20825 0.597574
6 7.53384 0.579936
7 7.72069 0.526329
8 9.39001 1.628
9 10.3153 1.68971
10 10.9339 1.63006
11 10.8334 1.48497
12 11.3004 1.43277
13 11.3325 1.32292
14 10.7531 1.34936
15 11.11 1.30573
16 11.2612 1.23285
17 11.2739 1.1604
18 11.2293 1.09679
19 11.4176 1.05512
20 11.5472 1.01029
21 11.2362 1.00891
22 11.3408 0.968454
23 11.3553 0.926456
24 11.3074 0.889093
25 11.2201 0.8578
26 11.0013 0.852257
27 10.9311 0.823578
28 10.8219 0.801379
29 10.6431 0.793444
30 10.3918 0.8058
31 10.7772 0.867097
32 10.7066 0.842871
33 10.5075 0.840511
34 10.3541 0.829682
35 10.3432 0.806048
36 10.2283 0.7918
37 10.2867 0.772553
38 10.1251 0.768941
39 10.0828 0.750388
40 9.90362 0.752721
41 9.79185 0.742614
42 9.80431 0.725038
43 9.7178 0.713319
44 9.53248 0.720779
45 9.43289 0.711608
46 9.26578 0.715491
47 9.21766 0.701884
48 9.21505 0.687266
49 9.1607 0.675385
50 9.09146 0.665417
51 9.10661 0.652542
52 9.11862 0.640104
53 9.10496 0.628172
54 9.0345 0.620478
55 9.0593 0.609692
56 9.02415 0.599817
57 9.08794 0.592677
58 9.01271 0.587214
59 9.07797 0.580877
60 9.03147 0.573054
61 9.07231 0.565113
62 9.0692 0.556007
63 9.18725 0.559574
64 9.1724 0.551028
65 9.0932 0.548212
66 9.07517 0.540202
67 9.19868 0.546076
68 9.17039 0.538777
69 9.19498 0.53153
70 9.20791 0.524094
71 9.16273 0.518656
72 9.13956 0.511969
73 9.18867 0.507306
74 9.15379 0.501649
75 9.23401 0.501333
76 9.26339 0.495597
77 9.18422 0.495443
78 9.1643 0.489492
79 9.17336 0.48338
80 9.28203 0.489399
81 9.1823 0.493413
82 9.21796 0.488683
83 9.27488 0.486098
84 9.35838 0.48743
85 9.38176 0.482256
86 9.35218 0.477555
87 9.39254 0.473768
88 9.40941 0.468684
89 9.43226 0.463975
90 9.47002 0.460353
91 9.4792 0.455386
92 9.51124 0.451562
93 9.492 0.447115
94 9.54779 0.445826
95 9.61984 0.446916
96 9.59353 0.443035
97 9.61896 0.439196
98 9.6073 0.434869
99 9.59579 0.430629
100 9.55203 0.42854
