1  1  0
2  1.32344  0.00532067
3  1.61835  0.0062317
4  1.8531  0.0078673
5  2.06741  0.00872521
6  2.26398  0.00918309
7  2.44864  0.00971462
8  2.61352  0.0107726
9  2.77429  0.0109359
10  2.92012  0.0113768
11  3.05932  0.0126057
12  3.1961  0.0122631
13  3.33165  0.0143179
14  3.44964  0.015211
15  3.56853  0.0158452
16  3.68244  0.0164183
17  3.79142  0.0176002
18  3.90101  0.0175092
19  4.00672  0.017724
20  4.11511  0.0176073
21  4.21834  0.0179338
22  4.31875  0.0179087
23  4.41858  0.0181739
24  4.51422  0.0181893
25  4.60285  0.0177502
26  4.69551  0.0188889
27  4.79301  0.0194412
28  4.88157  0.0201095
29  4.96253  0.0204555
30  5.05259  0.0222689
31  5.13138  0.0227592
32  5.21252  0.0226732
33  5.29267  0.0226269
34  5.3708  0.0233845
35  5.44967  0.0240542
36  5.52218  0.0245843
37  5.58554  0.0261131
38  5.65906  0.0271008
39  5.73752  0.0265874
40  5.79918  0.0275822
41  5.87375  0.0286128
42  5.94499  0.0289678
43  6.01908  0.0293217
44  6.09065  0.0298648
45  6.16339  0.0302825
46  6.23286  0.0311713
47  6.29971  0.0295102
48  6.36209  0.0304308
49  6.43191  0.031369
50  6.49182  0.0317224
51  6.56352  0.0309137
52  6.62856  0.0307528
53  6.68694  0.0304156
54  6.74577  0.0309457
55  6.79737  0.030886
56  6.85088  0.0315024
57  6.90764  0.0317548
58  6.96583  0.0323197
59  7.02407  0.0324537
60  7.08971  0.0331716
61  7.13939  0.0324437
62  7.20237  0.0328144
63  7.26511  0.033381
64  7.31013  0.0329767
65  7.37313  0.0336101
66  7.42095  0.0341797
67  7.47407  0.0341478
68  7.53162  0.034087
69  7.58752  0.0340387
70  7.63687  0.0333066
71  7.69281  0.0338598
72  7.74121  0.0342614
73  7.7852  0.0325814
74  7.84485  0.03304
75  7.89358  0.0313664
76  7.96145  0.0311906
77  8.01686  0.0314044
78  8.05664  0.0311635
79  8.10211  0.031424
80  8.15265  0.0312784
81  8.20358  0.0311574
82  8.25495  0.0316614
83  8.30575  0.0322043
84  8.35643  0.0332095
85  8.40352  0.0334588
86  8.45549  0.0338285
87  8.50324  0.03418
88  8.55195  0.0348554
89  8.6079  0.0340999
90  8.66004  0.0344659
91  8.71597  0.0343911
92  8.76221  0.0341641
93  8.81205  0.0344151
94  8.85522  0.0342653
95  8.90114  0.0349372
96  8.94778  0.0354961
97  8.98853  0.0359889
98  9.03701  0.03601
99  9.07581  0.0360766
100  9.12656  0.0370106
