1  1  0
2  1.27388  0.00621348
3  1.63397  0.00622968
4  1.85103  0.00682189
5  2.09608  0.00717129
6  2.2727  0.00825443
7  2.46614  0.00933376
8  2.62849  0.0112565
9  2.78597  0.0117529
10  2.9263  0.0127533
11  3.08175  0.0127069
12  3.20571  0.0125146
13  3.34535  0.0133738
14  3.46598  0.0129811
15  3.58782  0.0132044
16  3.69447  0.0149163
17  3.80594  0.0153399
18  3.91711  0.0164263
19  4.03064  0.0167483
20  4.13472  0.0174073
21  4.23566  0.0172196
22  4.33473  0.0187704
23  4.44101  0.0191093
24  4.53821  0.0195384
25  4.63124  0.020177
26  4.72217  0.0206517
27  4.81443  0.02179
28  4.89892  0.0218309
29  4.98779  0.0212152
30  5.06281  0.0220882
31  5.14081  0.0228714
32  5.22243  0.0232154
33  5.30382  0.0230636
34  5.37918  0.023614
35  5.46783  0.0240188
36  5.53899  0.0246589
37  5.61701  0.0250555
38  5.70044  0.0250761
39  5.76728  0.0254451
40  5.83416  0.0259527
41  5.90549  0.0261807
42  5.98262  0.0271904
43  6.04717  0.0275913
44  6.10376  0.0268786
45  6.17671  0.0268475
46  6.23732  0.0276038
47  6.30938  0.0267367
48  6.37653  0.0274598
49  6.43248  0.0271343
50  6.49852  0.0274961
51  6.5711  0.0270947
52  6.63316  0.0263578
53  6.69411  0.0259144
54  6.75633  0.0260162
55  6.81274  0.0261389
56  6.87328  0.0256247
57  6.9284  0.0255234
58  6.98603  0.0265065
59  7.05461  0.0265734
60  7.11084  0.0267312
61  7.17595  0.0272031
62  7.23382  0.0277718
63  7.29942  0.0283149
64  7.36446  0.0267059
65  7.42495  0.026119
66  7.48112  0.0262558
67  7.53524  0.0265774
68  7.59206  0.0268867
69  7.65007  0.0267296
70  7.69977  0.0277663
71  7.74993  0.0281466
72  7.81027  0.0282828
73  7.87147  0.0291676
74  7.92068  0.0290396
75  7.97966  0.0286139
76  8.0376  0.0287109
77  8.09694  0.029359
78  8.14409  0.0296893
79  8.2074  0.0304734
80  8.26676  0.030234
81  8.31094  0.0300933
82  8.3579  0.030722
83  8.39555  0.030824
84  8.453  0.0310992
85  8.49667  0.0310522
86  8.55607  0.0315533
87  8.60698  0.0313798
88  8.66968  0.0325252
89  8.72617  0.0336003
90  8.76617  0.0320601
91  8.80595  0.0325775
92  8.85249  0.0332342
93  8.90946  0.0336212
94  8.95652  0.0347421
95  9.00045  0.0357404
96  9.04586  0.0361806
97  9.08176  0.0367519
98  9.12531  0.0365754
99  9.17974  0.0367467
100  9.22597  0.0358986
