1 8.83176 -nan
2 6.5372 1.6225
3 7.75748 1.47062
4 8.62435 1.33422
5 7.91929 1.23975
6 9.43764 1.72873
7 8.49346 1.72039
8 7.73797 1.66297
9 7.29393 1.53634
10 7.16454 1.38814
11 7.16877 1.26195
12 7.68318 1.25727
13 7.85367 1.17206
14 7.9998 1.09741
15 7.94722 1.02551
16 8.06923 0.968648
17 8.22264 0.923736
18 8.14262 0.875876
19 8.12848 0.829891
20 7.97701 0.802101
21 8.28061 0.819352
22 8.67828 0.873298
23 8.58937 0.839843
24 8.68024 0.809751
25 8.75256 0.780583
26 8.62658 0.760658
27 8.62568 0.732486
28 8.76083 0.718684
29 8.68746 0.697636
30 8.82214 0.687259
31 8.71424 0.673507
32 8.63456 0.657156
33 8.63358 0.637243
34 8.74465 0.628104
35 9.16971 0.740144
36 9.11912 0.721312
37 9.01047 0.709953
38 8.81057 0.718862
39 8.77994 0.701082
40 8.74415 0.684468
41 8.76226 0.668013
42 8.722 0.653321
43 8.70228 0.638425
44 8.56017 0.639536
45 8.75994 0.655784
46 8.88152 0.652701
47 8.9425 0.641655
48 8.84936 0.63501
49 8.91871 0.625826
50 8.9501 0.614096
51 8.96872 0.602337
52 8.91479 0.593163
53 8.94804 0.582903
54 8.84089 0.581872
55 8.87084 0.572063
56 8.79619 0.566697
57 8.75825 0.558024
58 8.93164 0.57471
59 8.96592 0.565991
60 8.99754 0.55744
61 8.93363 0.551953
62 8.89406 0.544467
63 8.92677 0.536806
64 9.02528 0.537381
65 8.98848 0.530372
66 9.01964 0.523251
67 8.94087 0.521338
68 8.94092 0.513671
69 8.86154 0.512322
70 8.83993 0.505459
71 8.8067 0.499431
72 8.88373 0.498399
73 8.83706 0.493752
74 8.83231 0.487102
75 8.74721 0.487985
76 8.73058 0.481848
77 8.67229 0.479102
78 8.70271 0.473925
79 8.7113 0.468003
80 8.7783 0.466925
81 8.80516 0.461932
82 8.81348 0.456374
83 8.83016 0.45118
84 8.8476 0.446146
85 8.83615 0.441044
86 8.93481 0.446814
87 8.86845 0.446577
88 8.86543 0.441513
89 8.83864 0.437364
90 8.92502 0.440953
91 8.88298 0.438107
92 8.8663 0.433663
93 8.92073 0.432402
94 8.95437 0.429109
95 8.92327 0.425717
96 8.88344 0.423142
97 8.93017 0.421353
98 8.92682 0.417066
99 8.98373 0.416717
100 8.97263 0.412698
