0 0.506394 0
100 0.505419 0.000975434
200 0.506531 0.00124642
300 0.50366 0.00300341
400 0.502191 0.00275126
500 0.500854 0.0026139
600 0.503536 0.00347441
700 0.504052 0.00305291
800 0.503583 0.00273295
900 0.501214 0.00340415
1000 0.499985 0.00331548
1100 0.50016 0.00303163
1200 0.500513 0.00281098
1300 0.500319 0.00260967
1400 0.500069 0.00244235
1500 0.502089 0.00305001
1600 0.501955 0.00286812
1700 0.50203 0.00270512
1800 0.50241 0.00258682
1900 0.502239 0.00245996
2000 0.502193 0.00234034
2100 0.502628 0.00227343
2200 0.501909 0.00228835
2300 0.501397 0.00224989
2400 0.501469 0.00215921
2500 0.500565 0.00226315
2600 0.500407 0.00218344
2700 0.500215 0.0021127
2800 0.500182 0.00203881
2900 0.500143 0.00197007
3000 0.499822 0.00193239
3100 0.499685 0.00187603
3200 0.499734 0.00181896
3300 0.499716 0.00176474
3400 0.500207 0.0017823
3500 0.500321 0.00173589
3600 0.500405 0.0016904
3700 0.500574 0.00165397
3800 0.500453 0.00161558
3900 0.500522 0.00157619
4000 0.500891 0.00158104
4100 0.501175 0.00156888
4200 0.501354 0.00154233
4300 0.501247 0.00151063
4400 0.501008 0.00149589
4500 0.501151 0.00146997
4600 0.501207 0.00143943
4700 0.501334 0.00141484
4800 0.501198 0.0013923
4900 0.501583 0.00141746
5000 0.501586 0.00138939
5100 0.501462 0.001368
5200 0.501321 0.00134934
5300 0.501434 0.00132893
5400 0.501337 0.00130813
5500 0.501292 0.00128536
5600 0.501591 0.00129766
5700 0.501867 0.0013045
5800 0.501889 0.00128239
5900 0.501892 0.00126084
6000 0.502039 0.00124871
6100 0.50228 0.0012519
6200 0.502342 0.00123343
6300 0.502278 0.00121571
6400 0.502368 0.00120021
6500 0.502462 0.00118565
6600 0.502576 0.00117338
6700 0.502263 0.00119766
6800 0.502119 0.00118891
6900 0.502078 0.00117254
7000 0.502065 0.00115597
7100 0.501637 0.00121758
7200 0.501591 0.00120166
7300 0.501591 0.00118531
7400 0.501622 0.00116982
7500 0.501501 0.00116064
7600 0.501553 0.00114663
7700 0.501685 0.00113951
7800 0.501712 0.00112533
7900 0.501896 0.00112621
8000 0.501825 0.00111448
8100 0.50158 0.00112763
8200 0.501557 0.00111419
8300 0.501375 0.00111586
8400 0.501241 0.00111073
8500 0.501197 0.00109864
8600 0.501336 0.00109486
8700 0.501387 0.00108355
8800 0.501342 0.00107226
8900 0.501367 0.00106056
9000 0.501434 0.00105099
9100 0.501335 0.00104414
9200 0.501397 0.00103467
9300 0.501369 0.00102399
9400 0.501288 0.00101635
9500 0.501285 0.00100571
9600 0.501435 0.00100652
9700 0.501277 0.00100858
9800 0.50149 0.00102079
9900 0.501438 0.00101189
