1 3.12207 0
2 3.12647 0.00311032
3 3.1375 0.00924051
4 3.14003 0.00726869
5 3.13957 0.00582929
6 3.13666 0.00553966
7 3.12691 0.0101973
8 3.13187 0.0100552
9 3.13395 0.00915087
10 3.13771 0.00897639
11 3.13988 0.00841801
12 3.14626 0.00984304
13 3.14938 0.00956579
14 3.15075 0.00898021
15 3.15451 0.0091358
16 3.15633 0.00874508
17 3.1589 0.00859963
18 3.15456 0.00915339
19 3.15519 0.00869341
20 3.15392 0.00835026
21 3.15539 0.00808032
22 3.15352 0.00792601
23 3.15216 0.00769845
24 3.15131 0.00742402
25 3.15057 0.00716376
26 3.15099 0.00690068
27 3.15232 0.00677094
28 3.15034 0.0068119
29 3.1498 0.00659806
30 3.15117 0.00651818
31 3.15199 0.0063594
32 3.14959 0.00659979
33 3.15139 0.00664277
34 3.15175 0.00645702
35 3.15169 0.00627282
36 3.14935 0.00652011
37 3.15033 0.00641758
38 3.15153 0.00635978
39 3.15141 0.00619795
40 3.15089 0.00606423
41 3.15222 0.00605887
42 3.15113 0.00601136
43 3.15137 0.00587645
44 3.15269 0.00588824
45 3.15205 0.00579174
46 3.15017 0.00596294
47 3.14943 0.00588214
48 3.1487 0.00580495
49 3.14993 0.00581651
50 3.15013 0.00570336
51 3.15112 0.00567818
52 3.15278 0.00580576
53 3.15321 0.00571218
54 3.15256 0.00564311
55 3.15271 0.00554238
56 3.15169 0.00553523
57 3.15155 0.00543991
58 3.15145 0.00534707
59 3.15099 0.00527661
60 3.15136 0.00520211
61 3.15047 0.00519279
62 3.14992 0.00513831
63 3.14974 0.00505982
64 3.1496 0.00498273
65 3.14925 0.00491823
66 3.14849 0.00490264
67 3.14811 0.00484415
68 3.14845 0.00478519
69 3.14824 0.00472054
70 3.14718 0.0047705
71 3.14647 0.00475551
72 3.14698 0.00471599
73 3.14759 0.00469123
74 3.14709 0.00465466
75 3.14667 0.00461189
76 3.14767 0.00465843
77 3.14625 0.00480849
78 3.14678 0.0047762
79 3.14663 0.00471815
80 3.14722 0.00469598
81 3.14687 0.00465077
82 3.14654 0.00460632
83 3.14662 0.00455161
84 3.14754 0.00458905
85 3.14719 0.00454804
86 3.14738 0.00449913
87 3.14767 0.00445674
88 3.14771 0.00440622
89 3.14701 0.00441185
90 3.1471 0.00436386
91 3.14701 0.00431687
92 3.14626 0.00433487
93 3.14616 0.00428946
94 3.14618 0.00424391
95 3.14574 0.00422172
96 3.14611 0.00419338
97 3.14599 0.00415178
98 3.14572 0.00411843
99 3.14547 0.00408433
100 3.14553 0.00404395
