0 17.7829 0
1 17.0346 0.529111
2 17.0179 0.353004
3 16.7701 0.340814
4 15.9543 0.778982
5 15.2202 0.932949
6 15.2291 0.799712
7 15.5415 0.758328
8 15.5758 0.674845
9 15.4286 0.623214
10 15.1585 0.622326
11 15.3337 0.594624
12 15.3925 0.551779
13 15.3563 0.513552
14 15.4644 0.49057
15 15.5789 0.473078
16 15.5849 0.445287
17 15.6494 0.425191
18 15.5615 0.411787
19 15.5376 0.391893
20 15.5176 0.37374
21 15.4034 0.373782
22 15.2857 0.375624
23 15.1457 0.385182
24 15.2508 0.383843
25 15.2957 0.371698
26 15.246 0.361233
27 15.0776 0.385594
28 15.0342 0.374737
29 15.0174 0.36262
30 14.9009 0.369168
31 14.925 0.358419
32 15.0457 0.367322
33 15.0019 0.35912
34 14.9622 0.351054
35 14.9756 0.341561
36 14.9691 0.332392
37 15.1016 0.349042
38 15.109 0.340171
39 15.1455 0.33362
40 15.1609 0.32584
41 15.0869 0.326373
42 15.0831 0.318805
43 15.0414 0.314284
44 15.0561 0.307645
45 15.0047 0.305217
46 15.0275 0.299569
47 15.026 0.293332
48 15.017 0.287482
49 15.0169 0.281733
50 15.0578 0.279163
51 15.0574 0.273795
52 15.091 0.270688
53 15.035 0.271419
54 14.972 0.273697
55 15.0401 0.277158
56 15.0546 0.272672
57 15.0575 0.267987
58 15.0356 0.264343
59 15.0332 0.259948
60 15.0009 0.257693
61 15.0151 0.253928
62 15.0443 0.251574
63 15.0462 0.24765
64 15.0791 0.246016
65 15.072 0.242392
66 15.0914 0.239554
67 15.0655 0.237427
68 15.0632 0.233998
69 15.0982 0.233262
70 15.1485 0.235348
71 15.126 0.233154
72 15.1262 0.22996
73 15.1042 0.227902
74 15.1106 0.224954
75 15.1533 0.226003
76 15.1526 0.223069
77 15.0972 0.226981
78 15.0944 0.224125
79 15.0713 0.222505
80 15.0811 0.21997
81 15.0434 0.220485
82 15.0218 0.218888
83 15.0065 0.216815
84 15.0251 0.215058
85 15.063 0.215878
86 15.0748 0.213719
87 15.075 0.211291
88 15.0544 0.20991
89 15.0533 0.20758
90 15.0395 0.205758
91 15.0672 0.205374
92 15.056 0.20347
93 15.0843 0.203264
94 15.0894 0.201187
95 15.0834 0.199181
96 15.087 0.197161
97 15.0657 0.196292
98 15.0583 0.194448
99 15.0541 0.192549
