0 5.39725 0
1 5.36553 0.0224284
2 5.38982 0.0248367
3 5.42841 0.0382632
4 5.58924 0.147069
5 5.76298 0.200437
6 5.8159 0.178652
7 5.73786 0.172524
8 5.59425 0.204573
9 5.57217 0.185305
10 5.71758 0.218178
11 5.68058 0.20311
12 5.64784 0.190107
13 5.55258 0.198967
14 5.59726 0.190654
15 5.71474 0.21186
16 5.63809 0.212811
17 5.62512 0.201383
18 5.63944 0.191293
19 5.67181 0.184446
20 5.7109 0.179758
21 5.7427 0.174377
22 5.67785 0.178445
23 5.69114 0.171504
24 5.69939 0.164843
25 5.67706 0.160009
26 5.65879 0.155122
27 5.62332 0.153584
28 5.59284 0.151281
29 5.61619 0.148029
30 5.58796 0.14592
31 5.55718 0.14457
32 5.53288 0.142216
33 5.58838 0.148468
34 5.5979 0.144531
35 5.5715 0.142906
36 5.55713 0.139765
37 5.55362 0.136131
38 5.5853 0.136277
39 5.6063 0.134477
40 5.60802 0.131209
41 5.56356 0.135407
42 5.58817 0.134476
43 5.5623 0.133885
44 5.56769 0.131017
45 5.61278 0.135707
46 5.58704 0.135239
47 5.61912 0.136175
48 5.62213 0.133429
49 5.62141 0.130762
50 5.64316 0.129995
51 5.67373 0.131039
52 5.66157 0.12913
53 5.67541 0.127478
54 5.66439 0.125636
55 5.6277 0.128638
56 5.59799 0.129767
57 5.58235 0.128468
58 5.611 0.129446
59 5.5754 0.132094
60 5.56692 0.1302
61 5.58836 0.129853
62 5.57499 0.128478
63 5.55818 0.127565
64 5.54664 0.126124
65 5.55874 0.124792
66 5.52412 0.127643
67 5.50287 0.127522
68 5.49564 0.125879
69 5.49815 0.124105
70 5.49378 0.122434
71 5.49838 0.12082
72 5.50962 0.119687
73 5.52431 0.118967
74 5.53226 0.117646
75 5.50569 0.119061
76 5.50441 0.117522
77 5.5063 0.11603
78 5.50907 0.114594
79 5.50593 0.113205
80 5.50868 0.11184
81 5.51765 0.110836
82 5.53825 0.111399
83 5.55007 0.110698
84 5.55514 0.109511
85 5.55698 0.108254
86 5.54126 0.108145
87 5.53435 0.107137
88 5.53113 0.105981
89 5.54648 0.105911
90 5.5473 0.10475
91 5.5457 0.103624
92 5.55312 0.102775
93 5.56242 0.102102
94 5.57483 0.101778
95 5.56649 0.101058
96 5.55786 0.100385
97 5.55808 0.0993607
98 5.5567 0.0983666
99 5.55683 0.0973831
