0 14.7142 0
1 13.8866 0.585209
2 13.3632 0.578671
3 13.6836 0.515144
4 14.1462 0.583986
5 14.9598 0.887954
6 14.5244 0.861273
7 14.533 0.753657
8 14.8208 0.722778
9 15.0432 0.683872
10 15.0795 0.622665
11 15.2453 0.592429
12 15.5069 0.601854
13 15.3459 0.579986
14 15.0534 0.610664
15 15.2557 0.605087
16 15.0853 0.59301
17 14.8866 0.592419
18 14.8299 0.563946
19 14.784 0.537614
20 14.8459 0.515565
21 14.7225 0.506682
22 14.9507 0.533583
23 14.8905 0.514736
24 14.7841 0.505032
25 14.7754 0.485682
26 14.8594 0.474899
27 14.9422 0.465107
28 15.0142 0.454613
29 14.9804 0.440713
30 14.9899 0.426597
31 14.9292 0.417551
32 14.979 0.407846
33 14.8845 0.406643
34 14.7983 0.404048
35 14.8953 0.404292
36 14.8192 0.400474
37 14.7394 0.39779
38 14.6495 0.397636
39 14.6817 0.389003
40 14.659 0.380178
41 14.7192 0.375859
42 14.8106 0.378067
43 14.7899 0.370037
44 14.7416 0.364958
45 14.7894 0.360139
46 14.826 0.354337
47 14.7959 0.348238
48 14.7587 0.343111
49 14.7547 0.336272
50 14.7867 0.331194
51 14.7324 0.329247
52 14.7516 0.323597
53 14.77 0.318122
54 14.7702 0.312338
55 14.7703 0.306761
56 14.7869 0.301828
57 14.8756 0.309367
58 14.889 0.304413
59 14.8951 0.299401
60 14.9084 0.294787
61 14.9187 0.290214
62 14.9376 0.286221
63 14.9133 0.282782
64 14.9202 0.278516
65 14.9238 0.27432
66 14.9115 0.270505
67 14.9947 0.279044
68 14.9959 0.275002
69 15.0239 0.272494
70 15.0405 0.269161
71 15.0359 0.265462
72 15.0256 0.262025
73 15.0002 0.259714
74 14.9867 0.256602
75 15.0094 0.254226
76 15.0214 0.251207
77 15.0318 0.248201
78 15.0043 0.246578
79 15.0493 0.247571
80 15.0497 0.244515
81 15.0362 0.241905
82 15.0215 0.239435
83 15.0004 0.237508
84 15.0056 0.234771
85 15.0136 0.232176
86 15.0063 0.229622
87 14.9749 0.229157
88 15.0321 0.233613
89 15.0628 0.233034
90 15.0772 0.230915
91 15.0344 0.232345
92 15.0247 0.230049
93 14.9834 0.231267
94 14.9652 0.229551
95 14.9873 0.228222
96 14.9767 0.226114
97 14.9452 0.22599
98 14.9153 0.22568
99 14.9089 0.223513
