0 4.21321 0
1 4.34888 0.0959354
2 4.62635 0.235406
3 4.99517 0.364954
4 4.8479 0.3203
5 4.6811 0.307295
6 4.87801 0.32033
7 4.84208 0.282297
8 5.04044 0.312953
9 5.05968 0.282249
10 5.2227 0.299999
11 5.1082 0.296047
12 4.98495 0.297826
13 5.06627 0.287439
14 5.11094 0.271726
15 5.08834 0.255682
16 5.14221 0.24625
17 5.18103 0.23561
18 5.21585 0.225768
19 5.21397 0.214488
20 5.26406 0.210042
21 5.31202 0.205898
22 5.20243 0.224223
23 5.26083 0.222354
24 5.29743 0.216452
25 5.29336 0.208165
26 5.33301 0.204197
27 5.28487 0.202499
28 5.2814 0.195546
29 5.29757 0.189695
30 5.3007 0.183602
31 5.30505 0.177916
32 5.26693 0.176562
33 5.29204 0.173145
34 5.31647 0.169913
35 5.28716 0.167702
36 5.2925 0.163254
37 5.34153 0.166157
38 5.38493 0.16747
39 5.34062 0.169044
40 5.32813 0.165382
41 5.32865 0.161445
42 5.30241 0.159809
43 5.33691 0.159858
44 5.35134 0.156956
45 5.30891 0.159176
46 5.30186 0.155946
47 5.28576 0.153525
48 5.30662 0.151803
49 5.27975 0.151126
50 5.26829 0.148598
51 5.28243 0.146412
52 5.29329 0.144052
53 5.29634 0.141416
54 5.31246 0.13976
55 5.29846 0.137964
56 5.30095 0.135566
57 5.30276 0.133241
58 5.32848 0.133442
59 5.30971 0.132531
60 5.30842 0.130365
61 5.32124 0.128891
62 5.32036 0.126848
63 5.31782 0.124891
64 5.31429 0.12302
65 5.29865 0.122147
66 5.30362 0.120425
67 5.27768 0.121414
68 5.28886 0.120168
69 5.29999 0.118966
70 5.29436 0.117423
71 5.29682 0.115818
72 5.31151 0.115158
73 5.32318 0.114193
74 5.31331 0.113097
75 5.31188 0.111617
76 5.31495 0.11021
77 5.33184 0.110084
78 5.33011 0.108704
79 5.32869 0.107355
80 5.32132 0.106282
81 5.31438 0.105212
82 5.31732 0.103986
83 5.3205 0.102796
84 5.3155 0.101708
85 5.32096 0.100672
86 5.32094 0.0995148
87 5.32813 0.098643
88 5.32246 0.0976977
89 5.30853 0.0975998
90 5.305 0.0965911
91 5.31487 0.0960447
92 5.32089 0.0952002
93 5.32037 0.0941888
94 5.31975 0.0931994
95 5.31791 0.0922468
96 5.30863 0.0917609
97 5.317 0.0912055
98 5.34052 0.0932675
99 5.3332 0.0926213
